[saaremaa.edu.ee/tunniplaan/index8626.html]
[backblue.gif]
[fade.gif]
[index.html]
[saaremaa.edu.ee/wp-content/themes/saaremaa-gymnaasium/inc/theme/favicon/apple-touch-icon.png]
[saaremaa.edu.ee/wp-content/themes/saaremaa-gymnaasium/inc/theme/favicon/favicon-32x32.png]
[saaremaa.edu.ee/wp-content/themes/saaremaa-gymnaasium/inc/theme/favicon/favicon-16x16.png]
[saaremaa.edu.ee/tunniplaan/res/style.css]
[saaremaa.edu.ee/tunniplaan/res/jquery-3.2.0.min.js]
[saaremaa.edu.ee/tunniplaan/res/jquery.touchSwipe.min.js]
[saaremaa.edu.ee/tunniplaan/res/tunniplaan.js]
[saaremaa.edu.ee/tunniplaan/img/mob.svg]
[saaremaa.edu.ee/tunniplaan/img/menu.svg]
[saaremaa.edu.ee/tunniplaan/G2.m]
[saaremaa.edu.ee/tunniplaan/index8626.html]
[saaremaa.edu.ee/tunniplaan/res/style.css]
[saaremaa.edu.ee/tunniplaan/img/mob.svg]
[saaremaa.edu.ee/tunniplaan/img/menu.svg]
[saaremaa.edu.ee/tunniplaan/G2.html]
[saaremaa.edu.ee/tunniplaan/res/Agrandir-WideMedium.woff2]
